# JRE version: OpenJDK Runtime Environment (8.0_392-b08) (build 1.8.0_392-b08)
# Java VM: OpenJDK 64-Bit Server VM (25.392-b08 mixed mode windows-amd64 compressed oops)
Heap:
 PSYoungGen      total 1345536K, used 332424K [0x000000076b500000, 0x00000007c0000000, 0x00000007c0000000)
  eden space 1307648K, 24% used [0x000000076b500000,0x000000077e88e248,0x00000007bb200000)
  from space 37888K, 46% used [0x00000007bb200000,0x00000007bc314100,0x00000007bd700000)
  to   space 36864K, 0% used [0x00000007bdc00000,0x00000007bdc00000,0x00000007c0000000)
 ParOldGen       total 330240K, used 211066K [0x00000006c1e00000, 0x00000006d6080000, 0x000000076b500000)
  object space 330240K, 63% used [0x00000006c1e00000,0x00000006cec1e9d0,0x00000006d6080000)
 Metaspace       used 103325K, capacity 107846K, committed 107980K, reserved 1144832K
  class space    used 12260K, capacity 13008K, committed 13056K, reserved 1048576K
GC Heap History (10 events):
Event: 221.641 GC heap before
{Heap before GC invocations=35 (full 4):
 PSYoungGen      total 1171968K, used 1158128K [0x000000076b500000, 0x00000007b6900000, 0x00000007c0000000)
  eden space 1143808K, 100% used [0x000000076b500000,0x00000007b1200000,0x00000007b1200000)
  from space 28160K, 50% used [0x00000007b4d80000,0x00000007b5b7c0a0,0x00000007b6900000)
  to   space 44544K, 0% used [0x00000007b1200000,0x00000007b1200000,0x00000007b3d80000)
 ParOldGen       total 330240K, used 135761K [0x00000006c1e00000, 0x00000006d6080000, 0x000000076b500000)
  object space 330240K, 41% used [0x00000006c1e00000,0x00000006ca2946b0,0x00000006d6080000)
 Metaspace       used 103243K, capacity 107744K, committed 107980K, reserved 1144832K
  class space    used 12248K, capacity 12975K, committed 13056K, reserved 1048576K
Event: 221.896 GC heap after
Heap after GC invocations=35 (full 4):
 PSYoungGen      total 1188352K, used 16368K [0x000000076b500000, 0x00000007c0000000, 0x00000007c0000000)
  eden space 1143808K, 0% used [0x000000076b500000,0x000000076b500000,0x00000007b1200000)
  from space 44544K, 36% used [0x00000007b1200000,0x00000007b21fc0f0,0x00000007b3d80000)
  to   space 43008K, 0% used [0x00000007bd600000,0x00000007bd600000,0x00000007c0000000)
 ParOldGen       total 330240K, used 147770K [0x00000006c1e00000, 0x00000006d6080000, 0x000000076b500000)
  object space 330240K, 44% used [0x00000006c1e00000,0x00000006cae4eb50,0x00000006d6080000)
 Metaspace       used 103243K, capacity 107744K, committed 107980K, reserved 1144832K
  class space    used 12248K, capacity 12975K, committed 13056K, reserved 1048576K
}
Event: 239.395 GC heap before
{Heap before GC invocations=36 (full 4):
 PSYoungGen      total 1188352K, used 1160176K [0x000000076b500000, 0x00000007c0000000, 0x00000007c0000000)
  eden space 1143808K, 100% used [0x000000076b500000,0x00000007b1200000,0x00000007b1200000)
  from space 44544K, 36% used [0x00000007b1200000,0x00000007b21fc0f0,0x00000007b3d80000)
  to   space 43008K, 0% used [0x00000007bd600000,0x00000007bd600000,0x00000007c0000000)
 ParOldGen       total 330240K, used 147770K [0x00000006c1e00000, 0x00000006d6080000, 0x000000076b500000)
  object space 330240K, 44% used [0x00000006c1e00000,0x00000006cae4eb50,0x00000006d6080000)
 Metaspace       used 103243K, capacity 107744K, committed 107980K, reserved 1144832K
  class space    used 12248K, capacity 12975K, committed 13056K, reserved 1048576K
Event: 239.804 GC heap after
Heap after GC invocations=36 (full 4):
 PSYoungGen      total 1337344K, used 19088K [0x000000076b500000, 0x00000007bfa80000, 0x00000007c0000000)
  eden space 1299968K, 0% used [0x000000076b500000,0x000000076b500000,0x00000007baa80000)
  from space 37376K, 51% used [0x00000007bd600000,0x00000007be8a41e0,0x00000007bfa80000)
  to   space 40960K, 0% used [0x00000007baa80000,0x00000007baa80000,0x00000007bd280000)
 ParOldGen       total 330240K, used 161778K [0x00000006c1e00000, 0x00000006d6080000, 0x000000076b500000)
  object space 330240K, 48% used [0x00000006c1e00000,0x00000006cbbfca70,0x00000006d6080000)
 Metaspace       used 103243K, capacity 107744K, committed 107980K, reserved 1144832K
  class space    used 12248K, capacity 12975K, committed 13056K, reserved 1048576K
}
Event: 255.809 GC heap before
{Heap before GC invocations=37 (full 4):
 PSYoungGen      total 1337344K, used 1319056K [0x000000076b500000, 0x00000007bfa80000, 0x00000007c0000000)
  eden space 1299968K, 100% used [0x000000076b500000,0x00000007baa80000,0x00000007baa80000)
  from space 37376K, 51% used [0x00000007bd600000,0x00000007be8a41e0,0x00000007bfa80000)
  to   space 40960K, 0% used [0x00000007baa80000,0x00000007baa80000,0x00000007bd280000)
 ParOldGen       total 330240K, used 161778K [0x00000006c1e00000, 0x00000006d6080000, 0x000000076b500000)
  object space 330240K, 48% used [0x00000006c1e00000,0x00000006cbbfca70,0x00000006d6080000)
 Metaspace       used 103244K, capacity 107744K, committed 107980K, reserved 1144832K
  class space    used 12248K, capacity 12975K, committed 13056K, reserved 1048576K
Event: 256.147 GC heap after
Heap after GC invocations=37 (full 4):
 PSYoungGen      total 1340928K, used 19008K [0x000000076b500000, 0x00000007bff80000, 0x00000007c0000000)
  eden space 1299968K, 0% used [0x000000076b500000,0x000000076b500000,0x00000007baa80000)
  from space 40960K, 46% used [0x00000007baa80000,0x00000007bbd10240,0x00000007bd280000)
  to   space 38912K, 0% used [0x00000007bd980000,0x00000007bd980000,0x00000007bff80000)
 ParOldGen       total 330240K, used 176284K [0x00000006c1e00000, 0x00000006d6080000, 0x000000076b500000)
  object space 330240K, 53% used [0x00000006c1e00000,0x00000006cca27100,0x00000006d6080000)
 Metaspace       used 103244K, capacity 107744K, committed 107980K, reserved 1144832K
  class space    used 12248K, capacity 12975K, committed 13056K, reserved 1048576K
}
Event: 272.774 GC heap before
{Heap before GC invocations=38 (full 4):
 PSYoungGen      total 1340928K, used 1318976K [0x000000076b500000, 0x00000007bff80000, 0x00000007c0000000)
  eden space 1299968K, 100% used [0x000000076b500000,0x00000007baa80000,0x00000007baa80000)
  from space 40960K, 46% used [0x00000007baa80000,0x00000007bbd10240,0x00000007bd280000)
  to   space 38912K, 0% used [0x00000007bd980000,0x00000007bd980000,0x00000007bff80000)
 ParOldGen       total 330240K, used 176284K [0x00000006c1e00000, 0x00000006d6080000, 0x000000076b500000)
  object space 330240K, 53% used [0x00000006c1e00000,0x00000006cca27100,0x00000006d6080000)
 Metaspace       used 103248K, capacity 107750K, committed 107980K, reserved 1144832K
  class space    used 12248K, capacity 12976K, committed 13056K, reserved 1048576K
Event: 272.860 GC heap after
Heap after GC invocations=38 (full 4):
 PSYoungGen      total 1342976K, used 22560K [0x000000076b500000, 0x00000007bfc00000, 0x00000007c0000000)
  eden space 1307648K, 0% used [0x000000076b500000,0x000000076b500000,0x00000007bb200000)
  from space 35328K, 63% used [0x00000007bd980000,0x00000007bef880d0,0x00000007bfc00000)
  to   space 37888K, 0% used [0x00000007bb200000,0x00000007bb200000,0x00000007bd700000)
 ParOldGen       total 330240K, used 192777K [0x00000006c1e00000, 0x00000006d6080000, 0x000000076b500000)
  object space 330240K, 58% used [0x00000006c1e00000,0x00000006cda42660,0x00000006d6080000)
 Metaspace       used 103248K, capacity 107750K, committed 107980K, reserved 1144832K
  class space    used 12248K, capacity 12976K, committed 13056K, reserved 1048576K
}
Event: 284.531 GC heap before
{Heap before GC invocations=39 (full 4):
 PSYoungGen      total 1342976K, used 1330208K [0x000000076b500000, 0x00000007bfc00000, 0x00000007c0000000)
  eden space 1307648K, 100% used [0x000000076b500000,0x00000007bb200000,0x00000007bb200000)
  from space 35328K, 63% used [0x00000007bd980000,0x00000007bef880d0,0x00000007bfc00000)
  to   space 37888K, 0% used [0x00000007bb200000,0x00000007bb200000,0x00000007bd700000)
 ParOldGen       total 330240K, used 192777K [0x00000006c1e00000, 0x00000006d6080000, 0x000000076b500000)
  object space 330240K, 58% used [0x00000006c1e00000,0x00000006cda42660,0x00000006d6080000)
 Metaspace       used 103248K, capacity 107750K, committed 107980K, reserved 1144832K
  class space    used 12248K, capacity 12976K, committed 13056K, reserved 1048576K
Event: 284.576 GC heap after
Heap after GC invocations=39 (full 4):
 PSYoungGen      total 1345536K, used 17488K [0x000000076b500000, 0x00000007c0000000, 0x00000007c0000000)
  eden space 1307648K, 0% used [0x000000076b500000,0x000000076b500000,0x00000007bb200000)
  from space 37888K, 46% used [0x00000007bb200000,0x00000007bc314100,0x00000007bd700000)
  to   space 36864K, 0% used [0x00000007bdc00000,0x00000007bdc00000,0x00000007c0000000)
 ParOldGen       total 330240K, used 211066K [0x00000006c1e00000, 0x00000006d6080000, 0x000000076b500000)
  object space 330240K, 63% used [0x00000006c1e00000,0x00000006cec1e9d0,0x00000006d6080000)
 Metaspace       used 103248K, capacity 107750K, committed 107980K, reserved 1144832K
  class space    used 12248K, capacity 12976K, committed 13056K, reserved 1048576K
}

