# JRE version: OpenJDK Runtime Environment (8.0_392-b08) (build 1.8.0_392-b08)
# Java VM: OpenJDK 64-Bit Server VM (25.392-b08 mixed mode windows-amd64 compressed oops)
Heap:
 PSYoungGen      total 1022976K, used 609144K [0x000000076b500000, 0x00000007b6e80000, 0x00000007c0000000)
  eden space 828416K, 58% used [0x000000076b500000,0x0000000788c57b70,0x000000079de00000)
  from space 194560K, 65% used [0x000000079de00000,0x00000007a5986880,0x00000007a9c00000)
  to   space 186880K, 0% used [0x00000007a9c00000,0x00000007a9c00000,0x00000007b5280000)
 ParOldGen       total 275968K, used 156904K [0x00000006c1e00000, 0x00000006d2b80000, 0x000000076b500000)
  object space 275968K, 56% used [0x00000006c1e00000,0x00000006cb73a048,0x00000006d2b80000)
 Metaspace       used 93905K, capacity 98324K, committed 98584K, reserved 1136640K
  class space    used 11372K, capacity 12080K, committed 12080K, reserved 1048576K
GC Heap History (10 events):
Event: 182.190 GC heap before
{Heap before GC invocations=36 (full 3):
 PSYoungGen      total 743424K, used 730601K [0x000000076b500000, 0x00000007a4280000, 0x00000007c0000000)
  eden space 612864K, 99% used [0x000000076b500000,0x0000000790b5a198,0x0000000790b80000)
  from space 130560K, 90% used [0x0000000799c00000,0x00000007a0f20488,0x00000007a1b80000)
  to   space 147968K, 0% used [0x0000000790b80000,0x0000000790b80000,0x0000000799c00000)
 ParOldGen       total 275968K, used 99380K [0x00000006c1e00000, 0x00000006d2b80000, 0x000000076b500000)
  object space 275968K, 36% used [0x00000006c1e00000,0x00000006c7f0d110,0x00000006d2b80000)
 Metaspace       used 93693K, capacity 98020K, committed 98328K, reserved 1136640K
  class space    used 11338K, capacity 12006K, committed 12080K, reserved 1048576K
Event: 182.792 GC heap after
Heap after GC invocations=36 (full 3):
 PSYoungGen      total 760832K, used 124008K [0x000000076b500000, 0x00000007ab880000, 0x00000007c0000000)
  eden space 612864K, 0% used [0x000000076b500000,0x000000076b500000,0x0000000790b80000)
  from space 147968K, 83% used [0x0000000790b80000,0x000000079849a1e8,0x0000000799c00000)
  to   space 163840K, 0% used [0x00000007a1880000,0x00000007a1880000,0x00000007ab880000)
 ParOldGen       total 275968K, used 106444K [0x00000006c1e00000, 0x00000006d2b80000, 0x000000076b500000)
  object space 275968K, 38% used [0x00000006c1e00000,0x00000006c85f31f0,0x00000006d2b80000)
 Metaspace       used 93693K, capacity 98020K, committed 98328K, reserved 1136640K
  class space    used 11338K, capacity 12006K, committed 12080K, reserved 1048576K
}
Event: 193.398 GC heap before
{Heap before GC invocations=37 (full 3):
 PSYoungGen      total 760832K, used 736872K [0x000000076b500000, 0x00000007ab880000, 0x00000007c0000000)
  eden space 612864K, 100% used [0x000000076b500000,0x0000000790b80000,0x0000000790b80000)
  from space 147968K, 83% used [0x0000000790b80000,0x000000079849a1e8,0x0000000799c00000)
  to   space 163840K, 0% used [0x00000007a1880000,0x00000007a1880000,0x00000007ab880000)
 ParOldGen       total 275968K, used 106444K [0x00000006c1e00000, 0x00000006d2b80000, 0x000000076b500000)
  object space 275968K, 38% used [0x00000006c1e00000,0x00000006c85f31f0,0x00000006d2b80000)
 Metaspace       used 93697K, capacity 98020K, committed 98328K, reserved 1136640K
  class space    used 11338K, capacity 12006K, committed 12080K, reserved 1048576K
Event: 193.762 GC heap after
Heap after GC invocations=37 (full 3):
 PSYoungGen      total 876032K, used 122574K [0x000000076b500000, 0x00000007acc80000, 0x00000007c0000000)
  eden space 712192K, 0% used [0x000000076b500000,0x000000076b500000,0x0000000796c80000)
  from space 163840K, 74% used [0x00000007a1880000,0x00000007a9033b70,0x00000007ab880000)
  to   space 176128K, 0% used [0x0000000796c80000,0x0000000796c80000,0x00000007a1880000)
 ParOldGen       total 275968K, used 120029K [0x00000006c1e00000, 0x00000006d2b80000, 0x000000076b500000)
  object space 275968K, 43% used [0x00000006c1e00000,0x00000006c9337558,0x00000006d2b80000)
 Metaspace       used 93697K, capacity 98020K, committed 98328K, reserved 1136640K
  class space    used 11338K, capacity 12006K, committed 12080K, reserved 1048576K
}
Event: 202.951 GC heap before
{Heap before GC invocations=38 (full 3):
 PSYoungGen      total 876032K, used 834345K [0x000000076b500000, 0x00000007acc80000, 0x00000007c0000000)
  eden space 712192K, 99% used [0x000000076b500000,0x0000000796c16c78,0x0000000796c80000)
  from space 163840K, 74% used [0x00000007a1880000,0x00000007a9033b70,0x00000007ab880000)
  to   space 176128K, 0% used [0x0000000796c80000,0x0000000796c80000,0x00000007a1880000)
 ParOldGen       total 275968K, used 120029K [0x00000006c1e00000, 0x00000006d2b80000, 0x000000076b500000)
  object space 275968K, 43% used [0x00000006c1e00000,0x00000006c9337558,0x00000006d2b80000)
 Metaspace       used 93701K, capacity 98026K, committed 98328K, reserved 1136640K
  class space    used 11339K, capacity 12007K, committed 12080K, reserved 1048576K
Event: 203.439 GC heap after
Heap after GC invocations=38 (full 3):
 PSYoungGen      total 888320K, used 127692K [0x000000076b500000, 0x00000007b5280000, 0x00000007c0000000)
  eden space 712192K, 0% used [0x000000076b500000,0x000000076b500000,0x0000000796c80000)
  from space 176128K, 72% used [0x0000000796c80000,0x000000079e9331c0,0x00000007a1880000)
  to   space 186880K, 0% used [0x00000007a9c00000,0x00000007a9c00000,0x00000007b5280000)
 ParOldGen       total 275968K, used 131613K [0x00000006c1e00000, 0x00000006d2b80000, 0x000000076b500000)
  object space 275968K, 47% used [0x00000006c1e00000,0x00000006c9e877f8,0x00000006d2b80000)
 Metaspace       used 93701K, capacity 98026K, committed 98328K, reserved 1136640K
  class space    used 11339K, capacity 12007K, committed 12080K, reserved 1048576K
}
Event: 211.197 GC heap before
{Heap before GC invocations=39 (full 3):
 PSYoungGen      total 888320K, used 839884K [0x000000076b500000, 0x00000007b5280000, 0x00000007c0000000)
  eden space 712192K, 100% used [0x000000076b500000,0x0000000796c80000,0x0000000796c80000)
  from space 176128K, 72% used [0x0000000796c80000,0x000000079e9331c0,0x00000007a1880000)
  to   space 186880K, 0% used [0x00000007a9c00000,0x00000007a9c00000,0x00000007b5280000)
 ParOldGen       total 275968K, used 131613K [0x00000006c1e00000, 0x00000006d2b80000, 0x000000076b500000)
  object space 275968K, 47% used [0x00000006c1e00000,0x00000006c9e877f8,0x00000006d2b80000)
 Metaspace       used 93701K, capacity 98026K, committed 98328K, reserved 1136640K
  class space    used 11339K, capacity 12007K, committed 12080K, reserved 1048576K
Event: 212.617 GC heap after
Heap after GC invocations=39 (full 3):
 PSYoungGen      total 1015296K, used 125082K [0x000000076b500000, 0x00000007b6e80000, 0x00000007c0000000)
  eden space 828416K, 0% used [0x000000076b500000,0x000000076b500000,0x000000079de00000)
  from space 186880K, 66% used [0x00000007a9c00000,0x00000007b1626bb0,0x00000007b5280000)
  to   space 194560K, 0% used [0x000000079de00000,0x000000079de00000,0x00000007a9c00000)
 ParOldGen       total 275968K, used 145268K [0x00000006c1e00000, 0x00000006d2b80000, 0x000000076b500000)
  object space 275968K, 52% used [0x00000006c1e00000,0x00000006cabdd1b8,0x00000006d2b80000)
 Metaspace       used 93701K, capacity 98026K, committed 98328K, reserved 1136640K
  class space    used 11339K, capacity 12007K, committed 12080K, reserved 1048576K
}
Event: 219.461 GC heap before
{Heap before GC invocations=40 (full 3):
 PSYoungGen      total 1015296K, used 953043K [0x000000076b500000, 0x00000007b6e80000, 0x00000007c0000000)
  eden space 828416K, 99% used [0x000000076b500000,0x000000079dd8e098,0x000000079de00000)
  from space 186880K, 66% used [0x00000007a9c00000,0x00000007b1626bb0,0x00000007b5280000)
  to   space 194560K, 0% used [0x000000079de00000,0x000000079de00000,0x00000007a9c00000)
 ParOldGen       total 275968K, used 145268K [0x00000006c1e00000, 0x00000006d2b80000, 0x000000076b500000)
  object space 275968K, 52% used [0x00000006c1e00000,0x00000006cabdd1b8,0x00000006d2b80000)
 Metaspace       used 93701K, capacity 98026K, committed 98328K, reserved 1136640K
  class space    used 11339K, capacity 12007K, committed 12080K, reserved 1048576K
Event: 219.584 GC heap after
Heap after GC invocations=40 (full 3):
 PSYoungGen      total 1022976K, used 126490K [0x000000076b500000, 0x00000007b6e80000, 0x00000007c0000000)
  eden space 828416K, 0% used [0x000000076b500000,0x000000076b500000,0x000000079de00000)
  from space 194560K, 65% used [0x000000079de00000,0x00000007a5986880,0x00000007a9c00000)
  to   space 186880K, 0% used [0x00000007a9c00000,0x00000007a9c00000,0x00000007b5280000)
 ParOldGen       total 275968K, used 156904K [0x00000006c1e00000, 0x00000006d2b80000, 0x000000076b500000)
  object space 275968K, 56% used [0x00000006c1e00000,0x00000006cb73a048,0x00000006d2b80000)
 Metaspace       used 93701K, capacity 98026K, committed 98328K, reserved 1136640K
  class space    used 11339K, capacity 12007K, committed 12080K, reserved 1048576K
}

