# JRE version: OpenJDK Runtime Environment (8.0_392-b08) (build 1.8.0_392-b08)
# Java VM: OpenJDK 64-Bit Server VM (25.392-b08 mixed mode windows-amd64 compressed oops)
Heap:
 PSYoungGen      total 1112064K, used 1013498K [0x000000076b500000, 0x00000007c0000000, 0x00000007c0000000)
  eden space 975872K, 89% used [0x000000076b500000,0x00000007a0de5d70,0x00000007a6e00000)
  from space 136192K, 99% used [0x00000007a6e00000,0x00000007af2d8be0,0x00000007af300000)
  to   space 212992K, 0% used [0x00000007b3000000,0x00000007b3000000,0x00000007c0000000)
 ParOldGen       total 424448K, used 180066K [0x00000006c1e00000, 0x00000006dbc80000, 0x000000076b500000)
  object space 424448K, 42% used [0x00000006c1e00000,0x00000006ccdd8948,0x00000006dbc80000)
 Metaspace       used 92084K, capacity 96462K, committed 99368K, reserved 1136640K
  class space    used 11114K, capacity 11773K, committed 12336K, reserved 1048576K
GC Heap History (10 events):
Event: 161.495 GC heap before
{Heap before GC invocations=37 (full 4):
 PSYoungGen      total 906752K, used 901129K [0x000000076b500000, 0x00000007af300000, 0x00000007c0000000)
  eden space 771584K, 100% used [0x000000076b500000,0x000000079a680000,0x000000079a680000)
  from space 135168K, 95% used [0x00000007a3e80000,0x00000007abd02470,0x00000007ac280000)
  to   space 155648K, 0% used [0x000000079a680000,0x000000079a680000,0x00000007a3e80000)
 ParOldGen       total 424448K, used 104324K [0x00000006c1e00000, 0x00000006dbc80000, 0x000000076b500000)
  object space 424448K, 24% used [0x00000006c1e00000,0x00000006c83e1260,0x00000006dbc80000)
 Metaspace       used 91942K, capacity 96296K, committed 99112K, reserved 1136640K
  class space    used 11084K, capacity 11766K, committed 12336K, reserved 1048576K
Event: 161.767 GC heap after
Heap after GC invocations=37 (full 4):
 PSYoungGen      total 927232K, used 129872K [0x000000076b500000, 0x00000007b8c00000, 0x00000007c0000000)
  eden space 771584K, 0% used [0x000000076b500000,0x000000076b500000,0x000000079a680000)
  from space 155648K, 83% used [0x000000079a680000,0x00000007a25541c8,0x00000007a3e80000)
  to   space 172544K, 0% used [0x00000007ae380000,0x00000007ae380000,0x00000007b8c00000)
 ParOldGen       total 424448K, used 117328K [0x00000006c1e00000, 0x00000006dbc80000, 0x000000076b500000)
  object space 424448K, 27% used [0x00000006c1e00000,0x00000006c90942f0,0x00000006dbc80000)
 Metaspace       used 91942K, capacity 96296K, committed 99112K, reserved 1136640K
  class space    used 11084K, capacity 11766K, committed 12336K, reserved 1048576K
}
Event: 165.963 GC heap before
{Heap before GC invocations=38 (full 4):
 PSYoungGen      total 927232K, used 901105K [0x000000076b500000, 0x00000007b8c00000, 0x00000007c0000000)
  eden space 771584K, 99% used [0x000000076b500000,0x000000079a6284e8,0x000000079a680000)
  from space 155648K, 83% used [0x000000079a680000,0x00000007a25541c8,0x00000007a3e80000)
  to   space 172544K, 0% used [0x00000007ae380000,0x00000007ae380000,0x00000007b8c00000)
 ParOldGen       total 424448K, used 117328K [0x00000006c1e00000, 0x00000006dbc80000, 0x000000076b500000)
  object space 424448K, 27% used [0x00000006c1e00000,0x00000006c90942f0,0x00000006dbc80000)
 Metaspace       used 91942K, capacity 96296K, committed 99112K, reserved 1136640K
  class space    used 11084K, capacity 11766K, committed 12336K, reserved 1048576K
Event: 166.259 GC heap after
Heap after GC invocations=38 (full 4):
 PSYoungGen      total 1083904K, used 128040K [0x000000076b500000, 0x00000007ba500000, 0x00000007c0000000)
  eden space 911360K, 0% used [0x000000076b500000,0x000000076b500000,0x00000007a2f00000)
  from space 172544K, 74% used [0x00000007ae380000,0x00000007b608a298,0x00000007b8c00000)
  to   space 184832K, 0% used [0x00000007a2f00000,0x00000007a2f00000,0x00000007ae380000)
 ParOldGen       total 424448K, used 132939K [0x00000006c1e00000, 0x00000006dbc80000, 0x000000076b500000)
  object space 424448K, 31% used [0x00000006c1e00000,0x00000006c9fd2d40,0x00000006dbc80000)
 Metaspace       used 91942K, capacity 96296K, committed 99112K, reserved 1136640K
  class space    used 11084K, capacity 11766K, committed 12336K, reserved 1048576K
}
Event: 172.327 GC heap before
{Heap before GC invocations=39 (full 4):
 PSYoungGen      total 1083904K, used 1039400K [0x000000076b500000, 0x00000007ba500000, 0x00000007c0000000)
  eden space 911360K, 100% used [0x000000076b500000,0x00000007a2f00000,0x00000007a2f00000)
  from space 172544K, 74% used [0x00000007ae380000,0x00000007b608a298,0x00000007b8c00000)
  to   space 184832K, 0% used [0x00000007a2f00000,0x00000007a2f00000,0x00000007ae380000)
 ParOldGen       total 424448K, used 132939K [0x00000006c1e00000, 0x00000006dbc80000, 0x000000076b500000)
  object space 424448K, 31% used [0x00000006c1e00000,0x00000006c9fd2d40,0x00000006dbc80000)
 Metaspace       used 91944K, capacity 96296K, committed 99112K, reserved 1136640K
  class space    used 11084K, capacity 11766K, committed 12336K, reserved 1048576K
Event: 172.612 GC heap after
Heap after GC invocations=39 (full 4):
 PSYoungGen      total 1096192K, used 135324K [0x000000076b500000, 0x00000007c0000000, 0x00000007c0000000)
  eden space 911360K, 0% used [0x000000076b500000,0x000000076b500000,0x00000007a2f00000)
  from space 184832K, 73% used [0x00000007a2f00000,0x00000007ab3271d8,0x00000007ae380000)
  to   space 197120K, 0% used [0x00000007b3f80000,0x00000007b3f80000,0x00000007c0000000)
 ParOldGen       total 424448K, used 144231K [0x00000006c1e00000, 0x00000006dbc80000, 0x000000076b500000)
  object space 424448K, 33% used [0x00000006c1e00000,0x00000006caad9c90,0x00000006dbc80000)
 Metaspace       used 91944K, capacity 96296K, committed 99112K, reserved 1136640K
  class space    used 11084K, capacity 11766K, committed 12336K, reserved 1048576K
}
Event: 178.010 GC heap before
{Heap before GC invocations=40 (full 4):
 PSYoungGen      total 1096192K, used 1046684K [0x000000076b500000, 0x00000007c0000000, 0x00000007c0000000)
  eden space 911360K, 100% used [0x000000076b500000,0x00000007a2f00000,0x00000007a2f00000)
  from space 184832K, 73% used [0x00000007a2f00000,0x00000007ab3271d8,0x00000007ae380000)
  to   space 197120K, 0% used [0x00000007b3f80000,0x00000007b3f80000,0x00000007c0000000)
 ParOldGen       total 424448K, used 152824K [0x00000006c1e00000, 0x00000006dbc80000, 0x000000076b500000)
  object space 424448K, 36% used [0x00000006c1e00000,0x00000006cb33e070,0x00000006dbc80000)
 Metaspace       used 91949K, capacity 96296K, committed 99112K, reserved 1136640K
  class space    used 11084K, capacity 11766K, committed 12336K, reserved 1048576K
Event: 178.294 GC heap after
Heap after GC invocations=40 (full 4):
 PSYoungGen      total 1172992K, used 134579K [0x000000076b500000, 0x00000007c0000000, 0x00000007c0000000)
  eden space 975872K, 0% used [0x000000076b500000,0x000000076b500000,0x00000007a6e00000)
  from space 197120K, 68% used [0x00000007b3f80000,0x00000007bc2ecdc0,0x00000007c0000000)
  to   space 205824K, 0% used [0x00000007a6e00000,0x00000007a6e00000,0x00000007b3700000)
 ParOldGen       total 424448K, used 165557K [0x00000006c1e00000, 0x00000006dbc80000, 0x000000076b500000)
  object space 424448K, 39% used [0x00000006c1e00000,0x00000006cbfad678,0x00000006dbc80000)
 Metaspace       used 91949K, capacity 96296K, committed 99112K, reserved 1136640K
  class space    used 11084K, capacity 11766K, committed 12336K, reserved 1048576K
}
Event: 182.715 GC heap before
{Heap before GC invocations=41 (full 4):
 PSYoungGen      total 1172992K, used 1110451K [0x000000076b500000, 0x00000007c0000000, 0x00000007c0000000)
  eden space 975872K, 100% used [0x000000076b500000,0x00000007a6e00000,0x00000007a6e00000)
  from space 197120K, 68% used [0x00000007b3f80000,0x00000007bc2ecdc0,0x00000007c0000000)
  to   space 205824K, 0% used [0x00000007a6e00000,0x00000007a6e00000,0x00000007b3700000)
 ParOldGen       total 424448K, used 166160K [0x00000006c1e00000, 0x00000006dbc80000, 0x000000076b500000)
  object space 424448K, 39% used [0x00000006c1e00000,0x00000006cc044038,0x00000006dbc80000)
 Metaspace       used 91949K, capacity 96296K, committed 99112K, reserved 1136640K
  class space    used 11084K, capacity 11766K, committed 12336K, reserved 1048576K
Event: 182.964 GC heap after
Heap after GC invocations=41 (full 4):
 PSYoungGen      total 1112064K, used 136034K [0x000000076b500000, 0x00000007c0000000, 0x00000007c0000000)
  eden space 975872K, 0% used [0x000000076b500000,0x000000076b500000,0x00000007a6e00000)
  from space 136192K, 99% used [0x00000007a6e00000,0x00000007af2d8be0,0x00000007af300000)
  to   space 212992K, 0% used [0x00000007b3000000,0x00000007b3000000,0x00000007c0000000)
 ParOldGen       total 424448K, used 180066K [0x00000006c1e00000, 0x00000006dbc80000, 0x000000076b500000)
  object space 424448K, 42% used [0x00000006c1e00000,0x00000006ccdd8948,0x00000006dbc80000)
 Metaspace       used 91949K, capacity 96296K, committed 99112K, reserved 1136640K
  class space    used 11084K, capacity 11766K, committed 12336K, reserved 1048576K
}

