# JRE version: OpenJDK Runtime Environment (8.0_392-b08) (build 1.8.0_392-b08)
# Java VM: OpenJDK 64-Bit Server VM (25.392-b08 mixed mode windows-amd64 compressed oops)
Heap:
 PSYoungGen      total 611328K, used 145235K [0x000000076b500000, 0x0000000795c00000, 0x00000007c0000000)
  eden space 547840K, 16% used [0x000000076b500000,0x0000000770cb53b8,0x000000078cc00000)
  from space 63488K, 87% used [0x0000000791100000,0x000000079471f988,0x0000000794f00000)
  to   space 70656K, 0% used [0x000000078cc00000,0x000000078cc00000,0x0000000791100000)
 ParOldGen       total 441344K, used 92287K [0x00000006c1e00000, 0x00000006dcd00000, 0x000000076b500000)
  object space 441344K, 20% used [0x00000006c1e00000,0x00000006c781fe28,0x00000006dcd00000)
 Metaspace       used 94242K, capacity 98682K, committed 101288K, reserved 1138688K
  class space    used 11215K, capacity 11877K, committed 12464K, reserved 1048576K
GC Heap History (10 events):
Event: 5459.179 GC heap before
{Heap before GC invocations=28 (full 4):
 PSYoungGen      total 409600K, used 7664K [0x000000076b500000, 0x000000078bf80000, 0x00000007c0000000)
  eden space 401920K, 0% used [0x000000076b500000,0x000000076b500000,0x0000000783d80000)
  from space 7680K, 99% used [0x000000078b800000,0x000000078bf7c070,0x000000078bf80000)
  to   space 44032K, 0% used [0x0000000786980000,0x0000000786980000,0x0000000789480000)
 ParOldGen       total 287232K, used 72777K [0x00000006c1e00000, 0x00000006d3680000, 0x000000076b500000)
  object space 287232K, 25% used [0x00000006c1e00000,0x00000006c65127c0,0x00000006d3680000)
 Metaspace       used 92630K, capacity 98508K, committed 98600K, reserved 1136640K
  class space    used 11423K, capacity 12244K, committed 12336K, reserved 1048576K
Event: 5459.862 GC heap after
Heap after GC invocations=28 (full 4):
 PSYoungGen      total 409600K, used 0K [0x000000076b500000, 0x000000078bf80000, 0x00000007c0000000)
  eden space 401920K, 0% used [0x000000076b500000,0x000000076b500000,0x0000000783d80000)
  from space 7680K, 0% used [0x000000078b800000,0x000000078b800000,0x000000078bf80000)
  to   space 44032K, 0% used [0x0000000786980000,0x0000000786980000,0x0000000789480000)
 ParOldGen       total 441344K, used 55774K [0x00000006c1e00000, 0x00000006dcd00000, 0x000000076b500000)
  object space 441344K, 12% used [0x00000006c1e00000,0x00000006c5477a30,0x00000006dcd00000)
 Metaspace       used 91322K, capacity 95400K, committed 98600K, reserved 1136640K
  class space    used 11044K, capacity 11674K, committed 12336K, reserved 1048576K
}
Event: 5472.159 GC heap before
{Heap before GC invocations=29 (full 4):
 PSYoungGen      total 409600K, used 401920K [0x000000076b500000, 0x000000078bf80000, 0x00000007c0000000)
  eden space 401920K, 100% used [0x000000076b500000,0x0000000783d80000,0x0000000783d80000)
  from space 7680K, 0% used [0x000000078b800000,0x000000078b800000,0x000000078bf80000)
  to   space 44032K, 0% used [0x0000000786980000,0x0000000786980000,0x0000000789480000)
 ParOldGen       total 441344K, used 55774K [0x00000006c1e00000, 0x00000006dcd00000, 0x000000076b500000)
  object space 441344K, 12% used [0x00000006c1e00000,0x00000006c5477a30,0x00000006dcd00000)
 Metaspace       used 93771K, capacity 98210K, committed 100904K, reserved 1138688K
  class space    used 11174K, capacity 11833K, committed 12336K, reserved 1048576K
Event: 5473.031 GC heap after
Heap after GC invocations=29 (full 4):
 PSYoungGen      total 491008K, used 30812K [0x000000076b500000, 0x000000078dc00000, 0x00000007c0000000)
  eden space 446976K, 0% used [0x000000076b500000,0x000000076b500000,0x0000000786980000)
  from space 44032K, 69% used [0x0000000786980000,0x00000007887971c8,0x0000000789480000)
  to   space 46080K, 0% used [0x000000078af00000,0x000000078af00000,0x000000078dc00000)
 ParOldGen       total 441344K, used 55782K [0x00000006c1e00000, 0x00000006dcd00000, 0x000000076b500000)
  object space 441344K, 12% used [0x00000006c1e00000,0x00000006c5479a30,0x00000006dcd00000)
 Metaspace       used 93771K, capacity 98210K, committed 100904K, reserved 1138688K
  class space    used 11174K, capacity 11833K, committed 12336K, reserved 1048576K
}
Event: 5478.429 GC heap before
{Heap before GC invocations=30 (full 4):
 PSYoungGen      total 491008K, used 477788K [0x000000076b500000, 0x000000078dc00000, 0x00000007c0000000)
  eden space 446976K, 100% used [0x000000076b500000,0x0000000786980000,0x0000000786980000)
  from space 44032K, 69% used [0x0000000786980000,0x00000007887971c8,0x0000000789480000)
  to   space 46080K, 0% used [0x000000078af00000,0x000000078af00000,0x000000078dc00000)
 ParOldGen       total 441344K, used 55782K [0x00000006c1e00000, 0x00000006dcd00000, 0x000000076b500000)
  object space 441344K, 12% used [0x00000006c1e00000,0x00000006c5479a30,0x00000006dcd00000)
 Metaspace       used 94040K, capacity 98412K, committed 101160K, reserved 1138688K
  class space    used 11174K, capacity 11834K, committed 12336K, reserved 1048576K
Event: 5478.579 GC heap after
Heap after GC invocations=30 (full 4):
 PSYoungGen      total 508416K, used 46072K [0x000000076b500000, 0x0000000792580000, 0x00000007c0000000)
  eden space 462336K, 0% used [0x000000076b500000,0x000000076b500000,0x0000000787880000)
  from space 46080K, 99% used [0x000000078af00000,0x000000078dbfe3c0,0x000000078dc00000)
  to   space 55808K, 0% used [0x0000000787880000,0x0000000787880000,0x000000078af00000)
 ParOldGen       total 441344K, used 62426K [0x00000006c1e00000, 0x00000006dcd00000, 0x000000076b500000)
  object space 441344K, 14% used [0x00000006c1e00000,0x00000006c5af6a80,0x00000006dcd00000)
 Metaspace       used 94040K, capacity 98412K, committed 101160K, reserved 1138688K
  class space    used 11174K, capacity 11834K, committed 12336K, reserved 1048576K
}
Event: 5481.650 GC heap before
{Heap before GC invocations=31 (full 4):
 PSYoungGen      total 508416K, used 508408K [0x000000076b500000, 0x0000000792580000, 0x00000007c0000000)
  eden space 462336K, 100% used [0x000000076b500000,0x0000000787880000,0x0000000787880000)
  from space 46080K, 99% used [0x000000078af00000,0x000000078dbfe3c0,0x000000078dc00000)
  to   space 55808K, 0% used [0x0000000787880000,0x0000000787880000,0x000000078af00000)
 ParOldGen       total 441344K, used 62426K [0x00000006c1e00000, 0x00000006dcd00000, 0x000000076b500000)
  object space 441344K, 14% used [0x00000006c1e00000,0x00000006c5af6a80,0x00000006dcd00000)
 Metaspace       used 94043K, capacity 98412K, committed 101160K, reserved 1138688K
  class space    used 11174K, capacity 11834K, committed 12336K, reserved 1048576K
Event: 5481.819 GC heap after
Heap after GC invocations=31 (full 4):
 PSYoungGen      total 518144K, used 52415K [0x000000076b500000, 0x0000000794f00000, 0x00000007c0000000)
  eden space 462336K, 0% used [0x000000076b500000,0x000000076b500000,0x0000000787880000)
  from space 55808K, 93% used [0x0000000787880000,0x000000078abaff80,0x000000078af00000)
  to   space 63488K, 0% used [0x0000000791100000,0x0000000791100000,0x0000000794f00000)
 ParOldGen       total 441344K, used 81230K [0x00000006c1e00000, 0x00000006dcd00000, 0x000000076b500000)
  object space 441344K, 18% used [0x00000006c1e00000,0x00000006c6d53918,0x00000006dcd00000)
 Metaspace       used 94043K, capacity 98412K, committed 101160K, reserved 1138688K
  class space    used 11174K, capacity 11834K, committed 12336K, reserved 1048576K
}
Event: 5484.902 GC heap before
{Heap before GC invocations=32 (full 4):
 PSYoungGen      total 518144K, used 514751K [0x000000076b500000, 0x0000000794f00000, 0x00000007c0000000)
  eden space 462336K, 100% used [0x000000076b500000,0x0000000787880000,0x0000000787880000)
  from space 55808K, 93% used [0x0000000787880000,0x000000078abaff80,0x000000078af00000)
  to   space 63488K, 0% used [0x0000000791100000,0x0000000791100000,0x0000000794f00000)
 ParOldGen       total 441344K, used 81230K [0x00000006c1e00000, 0x00000006dcd00000, 0x000000076b500000)
  object space 441344K, 18% used [0x00000006c1e00000,0x00000006c6d53918,0x00000006dcd00000)
 Metaspace       used 94043K, capacity 98412K, committed 101160K, reserved 1138688K
  class space    used 11174K, capacity 11834K, committed 12336K, reserved 1048576K
Event: 5484.983 GC heap after
Heap after GC invocations=32 (full 4):
 PSYoungGen      total 611328K, used 55422K [0x000000076b500000, 0x0000000795c00000, 0x00000007c0000000)
  eden space 547840K, 0% used [0x000000076b500000,0x000000076b500000,0x000000078cc00000)
  from space 63488K, 87% used [0x0000000791100000,0x000000079471f988,0x0000000794f00000)
  to   space 70656K, 0% used [0x000000078cc00000,0x000000078cc00000,0x0000000791100000)
 ParOldGen       total 441344K, used 92287K [0x00000006c1e00000, 0x00000006dcd00000, 0x000000076b500000)
  object space 441344K, 20% used [0x00000006c1e00000,0x00000006c781fe28,0x00000006dcd00000)
 Metaspace       used 94043K, capacity 98412K, committed 101160K, reserved 1138688K
  class space    used 11174K, capacity 11834K, committed 12336K, reserved 1048576K
}

