# JRE version: OpenJDK Runtime Environment (8.0_392-b08) (build 1.8.0_392-b08)
# Java VM: OpenJDK 64-Bit Server VM (25.392-b08 mixed mode windows-amd64 compressed oops)
Heap:
 PSYoungGen      total 1305088K, used 380740K [0x000000076b500000, 0x00000007c0000000, 0x00000007c0000000)
  eden space 1243136K, 25% used [0x000000076b500000,0x000000077ec56d58,0x00000007b7300000)
  from space 61952K, 99% used [0x00000007bc380000,0x00000007bfffa308,0x00000007c0000000)
  to   space 72192K, 0% used [0x00000007b7300000,0x00000007b7300000,0x00000007bb980000)
 ParOldGen       total 396800K, used 190200K [0x00000006c1e00000, 0x00000006da180000, 0x000000076b500000)
  object space 396800K, 47% used [0x00000006c1e00000,0x00000006cd7be228,0x00000006da180000)
 Metaspace       used 101559K, capacity 106382K, committed 109644K, reserved 1144832K
  class space    used 12099K, capacity 12884K, committed 13440K, reserved 1048576K
GC Heap History (10 events):
Event: 117.666 GC heap before
{Heap before GC invocations=36 (full 4):
 PSYoungGen      total 1121280K, used 1085120K [0x000000076b500000, 0x00000007bdc00000, 0x00000007c0000000)
  eden space 1058304K, 100% used [0x000000076b500000,0x00000007abe80000,0x00000007abe80000)
  from space 62976K, 42% used [0x00000007abe80000,0x00000007ad8b0110,0x00000007afc00000)
  to   space 59392K, 0% used [0x00000007ba200000,0x00000007ba200000,0x00000007bdc00000)
 ParOldGen       total 396800K, used 150505K [0x00000006c1e00000, 0x00000006da180000, 0x000000076b500000)
  object space 396800K, 37% used [0x00000006c1e00000,0x00000006cb0fa708,0x00000006da180000)
 Metaspace       used 101470K, capacity 106312K, committed 109644K, reserved 1144832K
  class space    used 12086K, capacity 12883K, committed 13440K, reserved 1048576K
Event: 117.718 GC heap after
Heap after GC invocations=36 (full 4):
 PSYoungGen      total 1260544K, used 15088K [0x000000076b500000, 0x00000007bcb80000, 0x00000007c0000000)
  eden space 1218048K, 0% used [0x000000076b500000,0x000000076b500000,0x00000007b5a80000)
  from space 42496K, 35% used [0x00000007ba200000,0x00000007bb0bc190,0x00000007bcb80000)
  to   space 57856K, 0% used [0x00000007b5a80000,0x00000007b5a80000,0x00000007b9300000)
 ParOldGen       total 396800K, used 174451K [0x00000006c1e00000, 0x00000006da180000, 0x000000076b500000)
  object space 396800K, 43% used [0x00000006c1e00000,0x00000006cc85cca8,0x00000006da180000)
 Metaspace       used 101470K, capacity 106312K, committed 109644K, reserved 1144832K
  class space    used 12086K, capacity 12883K, committed 13440K, reserved 1048576K
}
Event: 125.674 GC heap before
{Heap before GC invocations=37 (full 4):
 PSYoungGen      total 1260544K, used 1233136K [0x000000076b500000, 0x00000007bcb80000, 0x00000007c0000000)
  eden space 1218048K, 100% used [0x000000076b500000,0x00000007b5a80000,0x00000007b5a80000)
  from space 42496K, 35% used [0x00000007ba200000,0x00000007bb0bc190,0x00000007bcb80000)
  to   space 57856K, 0% used [0x00000007b5a80000,0x00000007b5a80000,0x00000007b9300000)
 ParOldGen       total 396800K, used 174451K [0x00000006c1e00000, 0x00000006da180000, 0x000000076b500000)
  object space 396800K, 43% used [0x00000006c1e00000,0x00000006cc85cca8,0x00000006da180000)
 Metaspace       used 101474K, capacity 106312K, committed 109644K, reserved 1144832K
  class space    used 12086K, capacity 12883K, committed 13440K, reserved 1048576K
Event: 125.737 GC heap after
Heap after GC invocations=37 (full 4):
 PSYoungGen      total 1275904K, used 18832K [0x000000076b500000, 0x00000007c0000000, 0x00000007c0000000)
  eden space 1218048K, 0% used [0x000000076b500000,0x000000076b500000,0x00000007b5a80000)
  from space 57856K, 32% used [0x00000007b5a80000,0x00000007b6ce4160,0x00000007b9300000)
  to   space 55808K, 0% used [0x00000007bc980000,0x00000007bc980000,0x00000007c0000000)
 ParOldGen       total 396800K, used 187520K [0x00000006c1e00000, 0x00000006da180000, 0x000000076b500000)
  object space 396800K, 47% used [0x00000006c1e00000,0x00000006cd520138,0x00000006da180000)
 Metaspace       used 101474K, capacity 106312K, committed 109644K, reserved 1144832K
  class space    used 12086K, capacity 12883K, committed 13440K, reserved 1048576K
}
Event: 133.187 GC heap before
{Heap before GC invocations=38 (full 4):
 PSYoungGen      total 1275904K, used 1236880K [0x000000076b500000, 0x00000007c0000000, 0x00000007c0000000)
  eden space 1218048K, 100% used [0x000000076b500000,0x00000007b5a80000,0x00000007b5a80000)
  from space 57856K, 32% used [0x00000007b5a80000,0x00000007b6ce4160,0x00000007b9300000)
  to   space 55808K, 0% used [0x00000007bc980000,0x00000007bc980000,0x00000007c0000000)
 ParOldGen       total 396800K, used 187520K [0x00000006c1e00000, 0x00000006da180000, 0x000000076b500000)
  object space 396800K, 47% used [0x00000006c1e00000,0x00000006cd520138,0x00000006da180000)
 Metaspace       used 101475K, capacity 106312K, committed 109644K, reserved 1144832K
  class space    used 12086K, capacity 12883K, committed 13440K, reserved 1048576K
Event: 133.233 GC heap after
Heap after GC invocations=38 (full 4):
 PSYoungGen      total 1327616K, used 33040K [0x000000076b500000, 0x00000007bfe00000, 0x00000007c0000000)
  eden space 1273856K, 0% used [0x000000076b500000,0x000000076b500000,0x00000007b9100000)
  from space 53760K, 61% used [0x00000007bc980000,0x00000007be9c40f0,0x00000007bfe00000)
  to   space 55808K, 0% used [0x00000007b9100000,0x00000007b9100000,0x00000007bc780000)
 ParOldGen       total 396800K, used 187520K [0x00000006c1e00000, 0x00000006da180000, 0x000000076b500000)
  object space 396800K, 47% used [0x00000006c1e00000,0x00000006cd520138,0x00000006da180000)
 Metaspace       used 101475K, capacity 106312K, committed 109644K, reserved 1144832K
  class space    used 12086K, capacity 12883K, committed 13440K, reserved 1048576K
}
Event: 141.203 GC heap before
{Heap before GC invocations=39 (full 4):
 PSYoungGen      total 1327616K, used 1306896K [0x000000076b500000, 0x00000007bfe00000, 0x00000007c0000000)
  eden space 1273856K, 100% used [0x000000076b500000,0x00000007b9100000,0x00000007b9100000)
  from space 53760K, 61% used [0x00000007bc980000,0x00000007be9c40f0,0x00000007bfe00000)
  to   space 55808K, 0% used [0x00000007b9100000,0x00000007b9100000,0x00000007bc780000)
 ParOldGen       total 396800K, used 187520K [0x00000006c1e00000, 0x00000006da180000, 0x000000076b500000)
  object space 396800K, 47% used [0x00000006c1e00000,0x00000006cd520138,0x00000006da180000)
 Metaspace       used 101475K, capacity 106312K, committed 109644K, reserved 1144832K
  class space    used 12086K, capacity 12883K, committed 13440K, reserved 1048576K
Event: 141.378 GC heap after
Heap after GC invocations=39 (full 4):
 PSYoungGen      total 1324544K, used 50296K [0x000000076b500000, 0x00000007c0000000, 0x00000007c0000000)
  eden space 1273856K, 0% used [0x000000076b500000,0x000000076b500000,0x00000007b9100000)
  from space 50688K, 99% used [0x00000007b9100000,0x00000007bc21e318,0x00000007bc280000)
  to   space 61952K, 0% used [0x00000007bc380000,0x00000007bc380000,0x00000007c0000000)
 ParOldGen       total 396800K, used 187528K [0x00000006c1e00000, 0x00000006da180000, 0x000000076b500000)
  object space 396800K, 47% used [0x00000006c1e00000,0x00000006cd522138,0x00000006da180000)
 Metaspace       used 101475K, capacity 106312K, committed 109644K, reserved 1144832K
  class space    used 12086K, capacity 12883K, committed 13440K, reserved 1048576K
}
Event: 148.487 GC heap before
{Heap before GC invocations=40 (full 4):
 PSYoungGen      total 1324544K, used 1324152K [0x000000076b500000, 0x00000007c0000000, 0x00000007c0000000)
  eden space 1273856K, 100% used [0x000000076b500000,0x00000007b9100000,0x00000007b9100000)
  from space 50688K, 99% used [0x00000007b9100000,0x00000007bc21e318,0x00000007bc280000)
  to   space 61952K, 0% used [0x00000007bc380000,0x00000007bc380000,0x00000007c0000000)
 ParOldGen       total 396800K, used 187528K [0x00000006c1e00000, 0x00000006da180000, 0x000000076b500000)
  object space 396800K, 47% used [0x00000006c1e00000,0x00000006cd522138,0x00000006da180000)
 Metaspace       used 101476K, capacity 106312K, committed 109644K, reserved 1144832K
  class space    used 12086K, capacity 12883K, committed 13440K, reserved 1048576K
Event: 148.589 GC heap after
Heap after GC invocations=40 (full 4):
 PSYoungGen      total 1305088K, used 61928K [0x000000076b500000, 0x00000007c0000000, 0x00000007c0000000)
  eden space 1243136K, 0% used [0x000000076b500000,0x000000076b500000,0x00000007b7300000)
  from space 61952K, 99% used [0x00000007bc380000,0x00000007bfffa308,0x00000007c0000000)
  to   space 72192K, 0% used [0x00000007b7300000,0x00000007b7300000,0x00000007bb980000)
 ParOldGen       total 396800K, used 190200K [0x00000006c1e00000, 0x00000006da180000, 0x000000076b500000)
  object space 396800K, 47% used [0x00000006c1e00000,0x00000006cd7be228,0x00000006da180000)
 Metaspace       used 101476K, capacity 106312K, committed 109644K, reserved 1144832K
  class space    used 12086K, capacity 12883K, committed 13440K, reserved 1048576K
}

